<?xml version="1.0" encoding="UTF-8"?>
<!-- Generated by org.testng.reporters.JUnitReportReporter -->
<testsuite hostname="DESKTOP-FIK5SPH" failures="0" tests="1" name="testScripts.tafe_productListing" time="10.178" errors="0" timestamp="2024-05-02T11:38:44 IST" skipped="0">
  <testcase classname="testScripts.tafe_productListing" name="listingPage" time="10.178"/>
  <system-out/>
</testsuite> <!-- testScripts.tafe_productListing -->
