<?xml version="1.0" encoding="UTF-8"?>
<!-- Generated by org.testng.reporters.JUnitReportReporter -->
<testsuite hostname="DESKTOP-FIK5SPH" failures="0" tests="1" name="testScripts.tafe_home" time="31.748" errors="0" timestamp="2024-05-07T17:38:45 IST" skipped="0">
  <testcase classname="testScripts.tafe_home" name="Tc_validating_homePage_CTA" time="31.748"/>
  <system-out/>
</testsuite> <!-- testScripts.tafe_home -->
