<?xml version="1.0" encoding="UTF-8"?>
<!-- Generated by org.testng.reporters.JUnitReportReporter -->
<testsuite hostname="DESKTOP-FIK5SPH" failures="0" tests="1" name="testScripts.tafe_cotactus" time="1.670" errors="0" timestamp="2024-05-03T16:26:15 IST" skipped="0">
  <testcase classname="testScripts.tafe_cotactus" name="faq_section" time="1.670"/>
  <system-out/>
</testsuite> <!-- testScripts.tafe_cotactus -->
