<?xml version="1.0" encoding="UTF-8"?>
<!-- Generated by org.testng.reporters.JUnitReportReporter -->
<testsuite hostname="DESKTOP-FIK5SPH" failures="0" tests="1" name="testScripts.tafe_home" time="2.968" errors="0" timestamp="2024-06-10T16:10:34 IST" skipped="0">
  <testcase classname="testScripts.tafe_home" name="drive_future" time="2.968"/>
  <system-out/>
</testsuite> <!-- testScripts.tafe_home -->
