<?xml version="1.0" encoding="UTF-8"?>
<!-- Generated by org.testng.reporters.JUnitReportReporter -->
<testsuite hostname="DESKTOP-FIK5SPH" failures="0" tests="1" name="testScripts.tafe_footer" time="18.743" errors="0" timestamp="2024-04-25T17:28:05 IST" skipped="0">
  <testcase classname="testScripts.tafe_footer" name="TC_contact_form" time="18.743"/>
  <system-out/>
</testsuite> <!-- testScripts.tafe_footer -->
