<?xml version="1.0" encoding="UTF-8"?>
<!-- Generated by org.testng.reporters.JUnitReportReporter -->
<testsuite hostname="DESKTOP-FIK5SPH" failures="0" tests="1" name="testScripts.tafe_header" time="5.693" errors="0" timestamp="2024-04-24T17:55:13 IST" skipped="0">
  <testcase classname="testScripts.tafe_header" name="TC_validating_regions" time="5.693"/>
  <system-out/>
</testsuite> <!-- testScripts.tafe_header -->
